<?xml version="1.0" encoding="UTF-8"?>
<!-- Generated by org.testng.reporters.JUnitReportReporter -->
<testsuite hostname="LAPTOP-R4VT886J" name="TestNG.addbook" tests="1" failures="0" timestamp="9 Oct 2019 19:33:44 GMT" time="43.241" errors="0">
  <testcase name="verifyaddbook" time="43.241" classname="TestNG.addbook"/>
</testsuite> <!-- TestNG.addbook -->
